\BOOKMARK [0][-]{chapter.1}{}{}% 1
\BOOKMARK [1][-]{section.1.1}{Provisions}{chapter.1}% 2
\BOOKMARK [2][-]{subsection.1.1.1}{Interpretation and limitation}{section.1.1}% 3
\BOOKMARK [2][-]{subsection.1.1.2}{Name and area covered}{section.1.1}% 4
\BOOKMARK [2][-]{subsection.1.1.3}{Registered address}{section.1.1}% 5
\BOOKMARK [2][-]{subsection.1.1.4}{Objects}{section.1.1}% 6
\BOOKMARK [2][-]{subsection.1.1.5}{Powers of the organisation}{section.1.1}% 7
\BOOKMARK [1][-]{section.1.2}{Members}{chapter.1}% 8
\BOOKMARK [2][-]{subsection.1.2.1}{Becoming an Individual Member}{section.1.2}% 9
\BOOKMARK [2][-]{subsection.1.2.2}{Membership rights}{section.1.2}% 10
\BOOKMARK [2][-]{subsection.1.2.3}{Termination of Membership}{section.1.2}% 11
\BOOKMARK [1][-]{section.1.3}{Administrative Arrangements and Other Clauses}{chapter.1}% 12
\BOOKMARK [2][-]{subsection.1.3.1}{Conflict of Interest}{section.1.3}% 13
\BOOKMARK [2][-]{subsection.1.3.2}{Minutes}{section.1.3}% 14
\BOOKMARK [2][-]{subsection.1.3.3}{Finances}{section.1.3}% 15
\BOOKMARK [2][-]{subsection.1.3.4}{Dissolution}{section.1.3}% 16
\BOOKMARK [2][-]{subsection.1.3.5}{Amending the Rules of Procedure}{section.1.3}% 17
\BOOKMARK [0][-]{chapter.2}{}{}% 18
\BOOKMARK [1][-]{section.2.1}{DF Committee}{chapter.2}% 19
\BOOKMARK [2][-]{subsection.2.1.1}{}{section.2.1}% 20
\BOOKMARK [2][-]{subsection.2.1.2}{Powers}{section.2.1}% 21
\BOOKMARK [2][-]{subsection.2.1.3}{Committee Roles and Officers}{section.2.1}% 22
\BOOKMARK [2][-]{subsection.2.1.4}{Election of Committee Members}{section.2.1}% 23
\BOOKMARK [2][-]{subsection.2.1.5}{Joining and Leaving Committee}{section.2.1}% 24
\BOOKMARK [2][-]{subsection.2.1.6}{Role of the Chair}{section.2.1}% 25
\BOOKMARK [2][-]{subsection.2.1.7}{Role of the Treasurer}{section.2.1}% 26
\BOOKMARK [2][-]{subsection.2.1.8}{Role of the MEST-UP Coordinator}{section.2.1}% 27
\BOOKMARK [1][-]{section.2.2}{Supervisory Roles}{chapter.2}% 28
\BOOKMARK [2][-]{subsection.2.2.1}{Accessibility Representative}{section.2.2}% 29
\BOOKMARK [1][-]{section.2.3}{Non-Committee Roles}{chapter.2}% 30
\BOOKMARK [2][-]{subsection.2.3.1}{}{section.2.3}% 31
\BOOKMARK [2][-]{subsection.2.3.2}{Role Terms and Titles}{section.2.3}% 32
\BOOKMARK [2][-]{subsection.2.3.3}{Election of Non-Committee Roles}{section.2.3}% 33
\BOOKMARK [2][-]{subsection.2.3.4}{Role of General Council Representatives}{section.2.3}% 34
\BOOKMARK [2][-]{subsection.2.3.5}{Joining and Leaving a Role}{section.2.3}% 35
\BOOKMARK [1][-]{section.2.4}{Business Events}{chapter.2}% 36
\BOOKMARK [2][-]{subsection.2.4.1}{Althing \(Annual General Meeting\)}{section.2.4}% 37
\BOOKMARK [2][-]{subsection.2.4.2}{Old/New}{section.2.4}% 38
\BOOKMARK [2][-]{subsection.2.4.3}{Things \(General Meetings in a particular Region\)}{section.2.4}% 39
\BOOKMARK [2][-]{subsection.2.4.4}{Quorum}{section.2.4}% 40
